This file contains any messages produced by compilers while
running configure, to aid debugging if configure makes a mistake.

It was created by libflowmanager configure 2.0.4, which was
generated by GNU Autoconf 2.67.  Invocation command line was

  $ ./configure 

## --------- ##
## Platform. ##
## --------- ##

hostname = ubuntu-vm1
uname -m = x86_64
uname -r = 3.19.0-25-generic
uname -s = Linux
uname -v = #26~14.04.1-Ubuntu SMP Fri Jul 24 21:16:20 UTC 2015

/usr/bin/uname -p = unknown
/bin/uname -X     = unknown

/bin/arch              = unknown
/usr/bin/arch -k       = unknown
/usr/convex/getsysinfo = unknown
/usr/bin/hostinfo      = unknown
/bin/machine           = unknown
/usr/bin/oslevel       = unknown
/bin/universe          = unknown

PATH: /usr/local/sbin
PATH: /usr/local/bin
PATH: /usr/sbin
PATH: /usr/bin
PATH: /sbin
PATH: /bin
PATH: /usr/games
PATH: /usr/local/games


## ----------- ##
## Core tests. ##
## ----------- ##

configure:2727: checking for a BSD-compatible install
configure:2795: result: /usr/bin/install -c
configure:2806: checking whether build environment is sane
configure:2856: result: yes
configure:2997: checking for a thread-safe mkdir -p
configure:3036: result: /bin/mkdir -p
configure:3049: checking for gawk
configure:3079: result: no
configure:3049: checking for mawk
configure:3065: found /usr/bin/mawk
configure:3076: result: mawk
configure:3087: checking whether make sets $(MAKE)
configure:3109: result: yes
configure:3219: checking for style of include used by make
configure:3247: result: GNU
configure:3317: checking for gcc
configure:3333: found /usr/bin/gcc
configure:3344: result: gcc
configure:3573: checking for C compiler version
configure:3582: gcc --version >&5
gcc (Ubuntu 4.8.4-2ubuntu1~14.04) 4.8.4
Copyright (C) 2013 Free Software Foundation, Inc.
This is free software; see the source for copying conditions.  There is NO
warranty; not even for MERCHANTABILITY or FITNESS FOR A PARTICULAR PURPOSE.

configure:3593: $? = 0
configure:3582: gcc -v >&5
Using built-in specs.
COLLECT_GCC=gcc
COLLECT_LTO_WRAPPER=/usr/lib/gcc/x86_64-linux-gnu/4.8/lto-wrapper
Target: x86_64-linux-gnu
Configured with: ../src/configure -v --with-pkgversion='Ubuntu 4.8.4-2ubuntu1~14.04' --with-bugurl=file:///usr/share/doc/gcc-4.8/README.Bugs --enable-languages=c,c++,java,go,d,fortran,objc,obj-c++ --prefix=/usr --program-suffix=-4.8 --enable-shared --enable-linker-build-id --libexecdir=/usr/lib --without-included-gettext --enable-threads=posix --with-gxx-include-dir=/usr/include/c++/4.8 --libdir=/usr/lib --enable-nls --with-sysroot=/ --enable-clocale=gnu --enable-libstdcxx-debug --enable-libstdcxx-time=yes --enable-gnu-unique-object --disable-libmudflap --enable-plugin --with-system-zlib --disable-browser-plugin --enable-java-awt=gtk --enable-gtk-cairo --with-java-home=/usr/lib/jvm/java-1.5.0-gcj-4.8-amd64/jre --enable-java-home --with-jvm-root-dir=/usr/lib/jvm/java-1.5.0-gcj-4.8-amd64 --with-jvm-jar-dir=/usr/lib/jvm-exports/java-1.5.0-gcj-4.8-amd64 --with-arch-directory=amd64 --with-ecj-jar=/usr/share/java/eclipse-ecj.jar --enable-objc-gc --enable-multiarch --disable-werror --with-arch-32=i686 --with-abi=m64 --with-multilib-list=m32,m64,mx32 --with-tune=generic --enable-checking=release --build=x86_64-linux-gnu --host=x86_64-linux-gnu --target=x86_64-linux-gnu
Thread model: posix
gcc version 4.8.4 (Ubuntu 4.8.4-2ubuntu1~14.04) 
configure:3593: $? = 0
configure:3582: gcc -V >&5
gcc: error: unrecognized command line option '-V'
gcc: fatal error: no input files
compilation terminated.
configure:3593: $? = 4
configure:3582: gcc -qversion >&5
gcc: error: unrecognized command line option '-qversion'
gcc: fatal error: no input files
compilation terminated.
configure:3593: $? = 4
configure:3613: checking whether the C compiler works
configure:3635: gcc    conftest.c  >&5
configure:3639: $? = 0
configure:3687: result: yes
configure:3690: checking for C compiler default output file name
configure:3692: result: a.out
configure:3698: checking for suffix of executables
configure:3705: gcc -o conftest    conftest.c  >&5
configure:3709: $? = 0
configure:3731: result: 
configure:3753: checking whether we are cross compiling
configure:3761: gcc -o conftest    conftest.c  >&5
configure:3765: $? = 0
configure:3772: ./conftest
configure:3776: $? = 0
configure:3791: result: no
configure:3796: checking for suffix of object files
configure:3818: gcc -c   conftest.c >&5
configure:3822: $? = 0
configure:3843: result: o
configure:3847: checking whether we are using the GNU C compiler
configure:3866: gcc -c   conftest.c >&5
configure:3866: $? = 0
configure:3875: result: yes
configure:3884: checking whether gcc accepts -g
configure:3904: gcc -c -g  conftest.c >&5
configure:3904: $? = 0
configure:3945: result: yes
configure:3962: checking for gcc option to accept ISO C89
configure:4026: gcc  -c -g -O2  conftest.c >&5
configure:4026: $? = 0
configure:4039: result: none needed
configure:4061: checking dependency style of gcc
configure:4171: result: gcc3
configure:4192: checking how to run the C preprocessor
configure:4223: gcc -E  conftest.c
configure:4223: $? = 0
configure:4237: gcc -E  conftest.c
conftest.c:11:28: fatal error: ac_nonexistent.h: No such file or directory
 #include <ac_nonexistent.h>
                            ^
compilation terminated.
configure:4237: $? = 1
configure: failed program was:
| /* confdefs.h */
| #define PACKAGE_NAME "libflowmanager"
| #define PACKAGE_TARNAME "libflowmanager"
| #define PACKAGE_VERSION "2.0.4"
| #define PACKAGE_STRING "libflowmanager 2.0.4"
| #define PACKAGE_BUGREPORT "contact@wand.net.nz"
| #define PACKAGE_URL ""
| #define PACKAGE "libflowmanager"
| #define VERSION "2.0.4"
| /* end confdefs.h.  */
| #include <ac_nonexistent.h>
configure:4262: result: gcc -E
configure:4282: gcc -E  conftest.c
configure:4282: $? = 0
configure:4296: gcc -E  conftest.c
conftest.c:11:28: fatal error: ac_nonexistent.h: No such file or directory
 #include <ac_nonexistent.h>
                            ^
compilation terminated.
configure:4296: $? = 1
configure: failed program was:
| /* confdefs.h */
| #define PACKAGE_NAME "libflowmanager"
| #define PACKAGE_TARNAME "libflowmanager"
| #define PACKAGE_VERSION "2.0.4"
| #define PACKAGE_STRING "libflowmanager 2.0.4"
| #define PACKAGE_BUGREPORT "contact@wand.net.nz"
| #define PACKAGE_URL ""
| #define PACKAGE "libflowmanager"
| #define VERSION "2.0.4"
| /* end confdefs.h.  */
| #include <ac_nonexistent.h>
configure:4325: checking for grep that handles long lines and -e
configure:4383: result: /bin/grep
configure:4388: checking for egrep
configure:4450: result: /bin/grep -E
configure:4455: checking for ANSI C header files
configure:4475: gcc -c -g -O2  conftest.c >&5
configure:4475: $? = 0
configure:4548: gcc -o conftest -g -O2   conftest.c  >&5
configure:4548: $? = 0
configure:4548: ./conftest
configure:4548: $? = 0
configure:4559: result: yes
configure:4572: checking for sys/types.h
configure:4572: gcc -c -g -O2  conftest.c >&5
configure:4572: $? = 0
configure:4572: result: yes
configure:4572: checking for sys/stat.h
configure:4572: gcc -c -g -O2  conftest.c >&5
configure:4572: $? = 0
configure:4572: result: yes
configure:4572: checking for stdlib.h
configure:4572: gcc -c -g -O2  conftest.c >&5
configure:4572: $? = 0
configure:4572: result: yes
configure:4572: checking for string.h
configure:4572: gcc -c -g -O2  conftest.c >&5
configure:4572: $? = 0
configure:4572: result: yes
configure:4572: checking for memory.h
configure:4572: gcc -c -g -O2  conftest.c >&5
configure:4572: $? = 0
configure:4572: result: yes
configure:4572: checking for strings.h
configure:4572: gcc -c -g -O2  conftest.c >&5
configure:4572: $? = 0
configure:4572: result: yes
configure:4572: checking for inttypes.h
configure:4572: gcc -c -g -O2  conftest.c >&5
configure:4572: $? = 0
configure:4572: result: yes
configure:4572: checking for stdint.h
configure:4572: gcc -c -g -O2  conftest.c >&5
configure:4572: $? = 0
configure:4572: result: yes
configure:4572: checking for unistd.h
configure:4572: gcc -c -g -O2  conftest.c >&5
configure:4572: $? = 0
configure:4572: result: yes
configure:4585: checking minix/config.h usability
configure:4585: gcc -c -g -O2  conftest.c >&5
conftest.c:54:26: fatal error: minix/config.h: No such file or directory
 #include <minix/config.h>
                          ^
compilation terminated.
configure:4585: $? = 1
configure: failed program was:
| /* confdefs.h */
| #define PACKAGE_NAME "libflowmanager"
| #define PACKAGE_TARNAME "libflowmanager"
| #define PACKAGE_VERSION "2.0.4"
| #define PACKAGE_STRING "libflowmanager 2.0.4"
| #define PACKAGE_BUGREPORT "contact@wand.net.nz"
| #define PACKAGE_URL ""
| #define PACKAGE "libflowmanager"
| #define VERSION "2.0.4"
| #define STDC_HEADERS 1
| #define HAVE_SYS_TYPES_H 1
| #define HAVE_SYS_STAT_H 1
| #define HAVE_STDLIB_H 1
| #define HAVE_STRING_H 1
| #define HAVE_MEMORY_H 1
| #define HAVE_STRINGS_H 1
| #define HAVE_INTTYPES_H 1
| #define HAVE_STDINT_H 1
| #define HAVE_UNISTD_H 1
| /* end confdefs.h.  */
| #include <stdio.h>
| #ifdef HAVE_SYS_TYPES_H
| # include <sys/types.h>
| #endif
| #ifdef HAVE_SYS_STAT_H
| # include <sys/stat.h>
| #endif
| #ifdef STDC_HEADERS
| # include <stdlib.h>
| # include <stddef.h>
| #else
| # ifdef HAVE_STDLIB_H
| #  include <stdlib.h>
| # endif
| #endif
| #ifdef HAVE_STRING_H
| # if !defined STDC_HEADERS && defined HAVE_MEMORY_H
| #  include <memory.h>
| # endif
| # include <string.h>
| #endif
| #ifdef HAVE_STRINGS_H
| # include <strings.h>
| #endif
| #ifdef HAVE_INTTYPES_H
| # include <inttypes.h>
| #endif
| #ifdef HAVE_STDINT_H
| # include <stdint.h>
| #endif
| #ifdef HAVE_UNISTD_H
| # include <unistd.h>
| #endif
| #include <minix/config.h>
configure:4585: result: no
configure:4585: checking minix/config.h presence
configure:4585: gcc -E  conftest.c
conftest.c:21:26: fatal error: minix/config.h: No such file or directory
 #include <minix/config.h>
                          ^
compilation terminated.
configure:4585: $? = 1
configure: failed program was:
| /* confdefs.h */
| #define PACKAGE_NAME "libflowmanager"
| #define PACKAGE_TARNAME "libflowmanager"
| #define PACKAGE_VERSION "2.0.4"
| #define PACKAGE_STRING "libflowmanager 2.0.4"
| #define PACKAGE_BUGREPORT "contact@wand.net.nz"
| #define PACKAGE_URL ""
| #define PACKAGE "libflowmanager"
| #define VERSION "2.0.4"
| #define STDC_HEADERS 1
| #define HAVE_SYS_TYPES_H 1
| #define HAVE_SYS_STAT_H 1
| #define HAVE_STDLIB_H 1
| #define HAVE_STRING_H 1
| #define HAVE_MEMORY_H 1
| #define HAVE_STRINGS_H 1
| #define HAVE_INTTYPES_H 1
| #define HAVE_STDINT_H 1
| #define HAVE_UNISTD_H 1
| /* end confdefs.h.  */
| #include <minix/config.h>
configure:4585: result: no
configure:4585: checking for minix/config.h
configure:4585: result: no
configure:4606: checking whether it is safe to define __EXTENSIONS__
configure:4624: gcc -c -g -O2  conftest.c >&5
configure:4624: $? = 0
configure:4631: result: yes
configure:4649: checking for trace_create_packet in -ltrace
configure:4674: gcc -o conftest -g -O2   conftest.c -ltrace   >&5
configure:4674: $? = 0
configure:4683: result: yes
configure:4745: checking for gcc
configure:4772: result: gcc
configure:5001: checking for C compiler version
configure:5010: gcc --version >&5
gcc (Ubuntu 4.8.4-2ubuntu1~14.04) 4.8.4
Copyright (C) 2013 Free Software Foundation, Inc.
This is free software; see the source for copying conditions.  There is NO
warranty; not even for MERCHANTABILITY or FITNESS FOR A PARTICULAR PURPOSE.

configure:5021: $? = 0
configure:5010: gcc -v >&5
Using built-in specs.
COLLECT_GCC=gcc
COLLECT_LTO_WRAPPER=/usr/lib/gcc/x86_64-linux-gnu/4.8/lto-wrapper
Target: x86_64-linux-gnu
Configured with: ../src/configure -v --with-pkgversion='Ubuntu 4.8.4-2ubuntu1~14.04' --with-bugurl=file:///usr/share/doc/gcc-4.8/README.Bugs --enable-languages=c,c++,java,go,d,fortran,objc,obj-c++ --prefix=/usr --program-suffix=-4.8 --enable-shared --enable-linker-build-id --libexecdir=/usr/lib --without-included-gettext --enable-threads=posix --with-gxx-include-dir=/usr/include/c++/4.8 --libdir=/usr/lib --enable-nls --with-sysroot=/ --enable-clocale=gnu --enable-libstdcxx-debug --enable-libstdcxx-time=yes --enable-gnu-unique-object --disable-libmudflap --enable-plugin --with-system-zlib --disable-browser-plugin --enable-java-awt=gtk --enable-gtk-cairo --with-java-home=/usr/lib/jvm/java-1.5.0-gcj-4.8-amd64/jre --enable-java-home --with-jvm-root-dir=/usr/lib/jvm/java-1.5.0-gcj-4.8-amd64 --with-jvm-jar-dir=/usr/lib/jvm-exports/java-1.5.0-gcj-4.8-amd64 --with-arch-directory=amd64 --with-ecj-jar=/usr/share/java/eclipse-ecj.jar --enable-objc-gc --enable-multiarch --disable-werror --with-arch-32=i686 --with-abi=m64 --with-multilib-list=m32,m64,mx32 --with-tune=generic --enable-checking=release --build=x86_64-linux-gnu --host=x86_64-linux-gnu --target=x86_64-linux-gnu
Thread model: posix
gcc version 4.8.4 (Ubuntu 4.8.4-2ubuntu1~14.04) 
configure:5021: $? = 0
configure:5010: gcc -V >&5
gcc: error: unrecognized command line option '-V'
gcc: fatal error: no input files
compilation terminated.
configure:5021: $? = 4
configure:5010: gcc -qversion >&5
gcc: error: unrecognized command line option '-qversion'
gcc: fatal error: no input files
compilation terminated.
configure:5021: $? = 4
configure:5025: checking whether we are using the GNU C compiler
configure:5053: result: yes
configure:5062: checking whether gcc accepts -g
configure:5123: result: yes
configure:5140: checking for gcc option to accept ISO C89
configure:5217: result: none needed
configure:5239: checking dependency style of gcc
configure:5349: result: gcc3
configure:5422: checking for g++
configure:5438: found /usr/bin/g++
configure:5449: result: g++
configure:5476: checking for C++ compiler version
configure:5485: g++ --version >&5
g++ (Ubuntu 4.8.4-2ubuntu1~14.04) 4.8.4
Copyright (C) 2013 Free Software Foundation, Inc.
This is free software; see the source for copying conditions.  There is NO
warranty; not even for MERCHANTABILITY or FITNESS FOR A PARTICULAR PURPOSE.

configure:5496: $? = 0
configure:5485: g++ -v >&5
Using built-in specs.
COLLECT_GCC=g++
COLLECT_LTO_WRAPPER=/usr/lib/gcc/x86_64-linux-gnu/4.8/lto-wrapper
Target: x86_64-linux-gnu
Configured with: ../src/configure -v --with-pkgversion='Ubuntu 4.8.4-2ubuntu1~14.04' --with-bugurl=file:///usr/share/doc/gcc-4.8/README.Bugs --enable-languages=c,c++,java,go,d,fortran,objc,obj-c++ --prefix=/usr --program-suffix=-4.8 --enable-shared --enable-linker-build-id --libexecdir=/usr/lib --without-included-gettext --enable-threads=posix --with-gxx-include-dir=/usr/include/c++/4.8 --libdir=/usr/lib --enable-nls --with-sysroot=/ --enable-clocale=gnu --enable-libstdcxx-debug --enable-libstdcxx-time=yes --enable-gnu-unique-object --disable-libmudflap --enable-plugin --with-system-zlib --disable-browser-plugin --enable-java-awt=gtk --enable-gtk-cairo --with-java-home=/usr/lib/jvm/java-1.5.0-gcj-4.8-amd64/jre --enable-java-home --with-jvm-root-dir=/usr/lib/jvm/java-1.5.0-gcj-4.8-amd64 --with-jvm-jar-dir=/usr/lib/jvm-exports/java-1.5.0-gcj-4.8-amd64 --with-arch-directory=amd64 --with-ecj-jar=/usr/share/java/eclipse-ecj.jar --enable-objc-gc --enable-multiarch --disable-werror --with-arch-32=i686 --with-abi=m64 --with-multilib-list=m32,m64,mx32 --with-tune=generic --enable-checking=release --build=x86_64-linux-gnu --host=x86_64-linux-gnu --target=x86_64-linux-gnu
Thread model: posix
gcc version 4.8.4 (Ubuntu 4.8.4-2ubuntu1~14.04) 
configure:5496: $? = 0
configure:5485: g++ -V >&5
g++: error: unrecognized command line option '-V'
g++: fatal error: no input files
compilation terminated.
configure:5496: $? = 4
configure:5485: g++ -qversion >&5
g++: error: unrecognized command line option '-qversion'
g++: fatal error: no input files
compilation terminated.
configure:5496: $? = 4
configure:5500: checking whether we are using the GNU C++ compiler
configure:5519: g++ -c   conftest.cpp >&5
configure:5519: $? = 0
configure:5528: result: yes
configure:5537: checking whether g++ accepts -g
configure:5557: g++ -c -g  conftest.cpp >&5
configure:5557: $? = 0
configure:5598: result: yes
configure:5623: checking dependency style of g++
configure:5733: result: gcc3
configure:5750: checking for an ANSI C-conforming const
configure:5815: gcc -c -g -O2  conftest.c >&5
configure:5815: $? = 0
configure:5822: result: yes
configure:5830: checking for inline
configure:5846: gcc -c -g -O2  conftest.c >&5
configure:5846: $? = 0
configure:5854: result: inline
configure:5872: checking for size_t
configure:5872: gcc -c -g -O2  conftest.c >&5
configure:5872: $? = 0
configure:5872: gcc -c -g -O2  conftest.c >&5
conftest.c: In function 'main':
conftest.c:63:21: error: expected expression before ')' token
 if (sizeof ((size_t)))
                     ^
configure:5872: $? = 1
configure: failed program was:
| /* confdefs.h */
| #define PACKAGE_NAME "libflowmanager"
| #define PACKAGE_TARNAME "libflowmanager"
| #define PACKAGE_VERSION "2.0.4"
| #define PACKAGE_STRING "libflowmanager 2.0.4"
| #define PACKAGE_BUGREPORT "contact@wand.net.nz"
| #define PACKAGE_URL ""
| #define PACKAGE "libflowmanager"
| #define VERSION "2.0.4"
| #define STDC_HEADERS 1
| #define HAVE_SYS_TYPES_H 1
| #define HAVE_SYS_STAT_H 1
| #define HAVE_STDLIB_H 1
| #define HAVE_STRING_H 1
| #define HAVE_MEMORY_H 1
| #define HAVE_STRINGS_H 1
| #define HAVE_INTTYPES_H 1
| #define HAVE_STDINT_H 1
| #define HAVE_UNISTD_H 1
| #define __EXTENSIONS__ 1
| #define _ALL_SOURCE 1
| #define _GNU_SOURCE 1
| #define _POSIX_PTHREAD_SEMANTICS 1
| #define _TANDEM_SOURCE 1
| #define HAVE_LIBTRACE 1
| /* end confdefs.h.  */
| #include <stdio.h>
| #ifdef HAVE_SYS_TYPES_H
| # include <sys/types.h>
| #endif
| #ifdef HAVE_SYS_STAT_H
| # include <sys/stat.h>
| #endif
| #ifdef STDC_HEADERS
| # include <stdlib.h>
| # include <stddef.h>
| #else
| # ifdef HAVE_STDLIB_H
| #  include <stdlib.h>
| # endif
| #endif
| #ifdef HAVE_STRING_H
| # if !defined STDC_HEADERS && defined HAVE_MEMORY_H
| #  include <memory.h>
| # endif
| # include <string.h>
| #endif
| #ifdef HAVE_STRINGS_H
| # include <strings.h>
| #endif
| #ifdef HAVE_INTTYPES_H
| # include <inttypes.h>
| #endif
| #ifdef HAVE_STDINT_H
| # include <stdint.h>
| #endif
| #ifdef HAVE_UNISTD_H
| # include <unistd.h>
| #endif
| int
| main ()
| {
| if (sizeof ((size_t)))
| 	    return 0;
|   ;
|   return 0;
| }
configure:5872: result: yes
configure:5883: checking whether time.h and sys/time.h may both be included
configure:5903: gcc -c -g -O2  conftest.c >&5
configure:5903: $? = 0
configure:5910: result: yes
configure:5925: checking for special C compiler options needed for large files
configure:5970: result: no
configure:5976: checking for _FILE_OFFSET_BITS value needed for large files
configure:6001: gcc -c -g -O2  conftest.c >&5
configure:6001: $? = 0
configure:6033: result: no
configure:6150: checking build system type
configure:6164: result: x86_64-unknown-linux-gnu
configure:6184: checking host system type
configure:6197: result: x86_64-unknown-linux-gnu
configure:6217: checking for a sed that does not truncate output
configure:6281: result: /bin/sed
configure:6299: checking for fgrep
configure:6361: result: /bin/grep -F
configure:6396: checking for ld used by gcc
configure:6463: result: /usr/bin/ld
configure:6470: checking if the linker (/usr/bin/ld) is GNU ld
configure:6485: result: yes
configure:6497: checking for BSD- or MS-compatible name lister (nm)
configure:6546: result: /usr/bin/nm -B
configure:6664: checking the name lister (/usr/bin/nm -B) interface
configure:6671: gcc -c -g -O2 -Wall -W  conftest.c >&5
configure:6674: /usr/bin/nm -B "conftest.o"
configure:6677: output
0000000000000000 B some_variable
configure:6684: result: BSD nm
configure:6687: checking whether ln -s works
configure:6691: result: yes
configure:6699: checking the maximum length of command line arguments
configure:6819: result: 1572864
configure:6836: checking whether the shell understands some XSI constructs
configure:6846: result: yes
configure:6850: checking whether the shell understands "+="
configure:6856: result: yes
configure:6891: checking for /usr/bin/ld option to reload object files
configure:6898: result: -r
configure:6967: checking for objdump
configure:6983: found /usr/bin/objdump
configure:6994: result: objdump
configure:7026: checking how to recognize dependent libraries
configure:7222: result: pass_all
configure:7282: checking for ar
configure:7298: found /usr/bin/ar
configure:7309: result: ar
configure:7387: checking for strip
configure:7403: found /usr/bin/strip
configure:7414: result: strip
configure:7486: checking for ranlib
configure:7502: found /usr/bin/ranlib
configure:7513: result: ranlib
configure:7603: checking command to parse /usr/bin/nm -B output from gcc object
configure:7721: gcc -c -g -O2 -Wall -W  conftest.c >&5
configure:7724: $? = 0
configure:7728: /usr/bin/nm -B conftest.o \| sed -n -e 's/^.*[	 ]\([ABCDGIRSTW][ABCDGIRSTW]*\)[	 ][	 ]*\([_A-Za-z][_A-Za-z0-9]*\)$/\1 \2 \2/p' \> conftest.nm
configure:7731: $? = 0
configure:7785: gcc -o conftest -g -O2 -Wall -W   conftest.c conftstm.o >&5
configure:7788: $? = 0
configure:7826: result: ok
configure:7921: gcc -c -g -O2 -Wall -W  conftest.c >&5
configure:7924: $? = 0
configure:8631: checking for dlfcn.h
configure:8631: gcc -c -g -O2 -Wall -W  conftest.c >&5
configure:8631: $? = 0
configure:8631: result: yes
configure:8756: checking for C++ compiler version
configure:8765: g++ --version >&5
g++ (Ubuntu 4.8.4-2ubuntu1~14.04) 4.8.4
Copyright (C) 2013 Free Software Foundation, Inc.
This is free software; see the source for copying conditions.  There is NO
warranty; not even for MERCHANTABILITY or FITNESS FOR A PARTICULAR PURPOSE.

configure:8776: $? = 0
configure:8765: g++ -v >&5
Using built-in specs.
COLLECT_GCC=g++
COLLECT_LTO_WRAPPER=/usr/lib/gcc/x86_64-linux-gnu/4.8/lto-wrapper
Target: x86_64-linux-gnu
Configured with: ../src/configure -v --with-pkgversion='Ubuntu 4.8.4-2ubuntu1~14.04' --with-bugurl=file:///usr/share/doc/gcc-4.8/README.Bugs --enable-languages=c,c++,java,go,d,fortran,objc,obj-c++ --prefix=/usr --program-suffix=-4.8 --enable-shared --enable-linker-build-id --libexecdir=/usr/lib --without-included-gettext --enable-threads=posix --with-gxx-include-dir=/usr/include/c++/4.8 --libdir=/usr/lib --enable-nls --with-sysroot=/ --enable-clocale=gnu --enable-libstdcxx-debug --enable-libstdcxx-time=yes --enable-gnu-unique-object --disable-libmudflap --enable-plugin --with-system-zlib --disable-browser-plugin --enable-java-awt=gtk --enable-gtk-cairo --with-java-home=/usr/lib/jvm/java-1.5.0-gcj-4.8-amd64/jre --enable-java-home --with-jvm-root-dir=/usr/lib/jvm/java-1.5.0-gcj-4.8-amd64 --with-jvm-jar-dir=/usr/lib/jvm-exports/java-1.5.0-gcj-4.8-amd64 --with-arch-directory=amd64 --with-ecj-jar=/usr/share/java/eclipse-ecj.jar --enable-objc-gc --enable-multiarch --disable-werror --with-arch-32=i686 --with-abi=m64 --with-multilib-list=m32,m64,mx32 --with-tune=generic --enable-checking=release --build=x86_64-linux-gnu --host=x86_64-linux-gnu --target=x86_64-linux-gnu
Thread model: posix
gcc version 4.8.4 (Ubuntu 4.8.4-2ubuntu1~14.04) 
configure:8776: $? = 0
configure:8765: g++ -V >&5
g++: error: unrecognized command line option '-V'
g++: fatal error: no input files
compilation terminated.
configure:8776: $? = 4
configure:8765: g++ -qversion >&5
g++: error: unrecognized command line option '-qversion'
g++: fatal error: no input files
compilation terminated.
configure:8776: $? = 4
configure:8780: checking whether we are using the GNU C++ compiler
configure:8808: result: yes
configure:8817: checking whether g++ accepts -g
configure:8878: result: yes
configure:8903: checking dependency style of g++
configure:9013: result: gcc3
configure:9036: checking how to run the C++ preprocessor
configure:9063: g++ -E  conftest.cpp
configure:9063: $? = 0
configure:9077: g++ -E  conftest.cpp
conftest.cpp:29:28: fatal error: ac_nonexistent.h: No such file or directory
 #include <ac_nonexistent.h>
                            ^
compilation terminated.
configure:9077: $? = 1
configure: failed program was:
| /* confdefs.h */
| #define PACKAGE_NAME "libflowmanager"
| #define PACKAGE_TARNAME "libflowmanager"
| #define PACKAGE_VERSION "2.0.4"
| #define PACKAGE_STRING "libflowmanager 2.0.4"
| #define PACKAGE_BUGREPORT "contact@wand.net.nz"
| #define PACKAGE_URL ""
| #define PACKAGE "libflowmanager"
| #define VERSION "2.0.4"
| #define STDC_HEADERS 1
| #define HAVE_SYS_TYPES_H 1
| #define HAVE_SYS_STAT_H 1
| #define HAVE_STDLIB_H 1
| #define HAVE_STRING_H 1
| #define HAVE_MEMORY_H 1
| #define HAVE_STRINGS_H 1
| #define HAVE_INTTYPES_H 1
| #define HAVE_STDINT_H 1
| #define HAVE_UNISTD_H 1
| #define __EXTENSIONS__ 1
| #define _ALL_SOURCE 1
| #define _GNU_SOURCE 1
| #define _POSIX_PTHREAD_SEMANTICS 1
| #define _TANDEM_SOURCE 1
| #define HAVE_LIBTRACE 1
| #define TIME_WITH_SYS_TIME 1
| #define HAVE_DLFCN_H 1
| /* end confdefs.h.  */
| #include <ac_nonexistent.h>
configure:9102: result: g++ -E
configure:9122: g++ -E  conftest.cpp
configure:9122: $? = 0
configure:9136: g++ -E  conftest.cpp
conftest.cpp:29:28: fatal error: ac_nonexistent.h: No such file or directory
 #include <ac_nonexistent.h>
                            ^
compilation terminated.
configure:9136: $? = 1
configure: failed program was:
| /* confdefs.h */
| #define PACKAGE_NAME "libflowmanager"
| #define PACKAGE_TARNAME "libflowmanager"
| #define PACKAGE_VERSION "2.0.4"
| #define PACKAGE_STRING "libflowmanager 2.0.4"
| #define PACKAGE_BUGREPORT "contact@wand.net.nz"
| #define PACKAGE_URL ""
| #define PACKAGE "libflowmanager"
| #define VERSION "2.0.4"
| #define STDC_HEADERS 1
| #define HAVE_SYS_TYPES_H 1
| #define HAVE_SYS_STAT_H 1
| #define HAVE_STDLIB_H 1
| #define HAVE_STRING_H 1
| #define HAVE_MEMORY_H 1
| #define HAVE_STRINGS_H 1
| #define HAVE_INTTYPES_H 1
| #define HAVE_STDINT_H 1
| #define HAVE_UNISTD_H 1
| #define __EXTENSIONS__ 1
| #define _ALL_SOURCE 1
| #define _GNU_SOURCE 1
| #define _POSIX_PTHREAD_SEMANTICS 1
| #define _TANDEM_SOURCE 1
| #define HAVE_LIBTRACE 1
| #define TIME_WITH_SYS_TIME 1
| #define HAVE_DLFCN_H 1
| /* end confdefs.h.  */
| #include <ac_nonexistent.h>
configure:9342: checking for objdir
configure:9357: result: .libs
configure:9649: checking if gcc supports -fno-rtti -fno-exceptions
configure:9667: gcc -c -g -O2 -Wall -W  -fno-rtti -fno-exceptions conftest.c >&5
cc1: warning: command line option '-fno-rtti' is valid for C++/ObjC++ but not for C [enabled by default]
configure:9671: $? = 0
configure:9684: result: no
configure:9704: checking for gcc option to produce PIC
configure:9976: result: -fPIC -DPIC
configure:9988: checking if gcc PIC flag -fPIC -DPIC works
configure:10006: gcc -c -g -O2 -Wall -W  -fPIC -DPIC -DPIC conftest.c >&5
configure:10010: $? = 0
configure:10023: result: yes
configure:10047: checking if gcc static flag -static works
configure:10075: result: yes
configure:10090: checking if gcc supports -c -o file.o
configure:10111: gcc -c -g -O2 -Wall -W  -o out/conftest2.o conftest.c >&5
configure:10115: $? = 0
configure:10137: result: yes
configure:10145: checking if gcc supports -c -o file.o
configure:10192: result: yes
configure:10225: checking whether the gcc linker (/usr/bin/ld -m elf_x86_64) supports shared libraries
configure:11216: result: yes
configure:11253: checking whether -lc should be explicitly linked in
configure:11258: gcc -c -g -O2 -Wall -W  conftest.c >&5
configure:11261: $? = 0
configure:11276: gcc -shared conftest.o  -v -Wl,-soname -Wl,conftest -o conftest 2\>\&1 \| /bin/grep  -lc  \>/dev/null 2\>\&1
configure:11279: $? = 0
configure:11291: result: no
configure:11455: checking dynamic linker characteristics
configure:11888: gcc -o conftest -g -O2 -Wall -W   -Wl,-rpath -Wl,/foo conftest.c -ltrace  >&5
configure:11888: $? = 0
configure:12118: result: GNU/Linux ld.so
configure:12220: checking how to hardcode library paths into programs
configure:12245: result: immediate
configure:12765: checking whether stripping libraries is possible
configure:12770: result: yes
configure:12805: checking if libtool supports shared libraries
configure:12807: result: yes
configure:12810: checking whether to build shared libraries
configure:12831: result: yes
configure:12834: checking whether to build static libraries
configure:12838: result: yes
configure:12988: checking for ld used by g++
configure:13055: result: /usr/bin/ld -m elf_x86_64
configure:13062: checking if the linker (/usr/bin/ld -m elf_x86_64) is GNU ld
configure:13077: result: yes
configure:13132: checking whether the g++ linker (/usr/bin/ld -m elf_x86_64) supports shared libraries
configure:14045: result: yes
configure:14073: g++ -c -g -O2  conftest.cpp >&5
configure:14076: $? = 0
configure:14258: checking for g++ option to produce PIC
configure:14575: result: -fPIC -DPIC
configure:14584: checking if g++ PIC flag -fPIC -DPIC works
configure:14602: g++ -c -g -O2  -fPIC -DPIC -DPIC conftest.cpp >&5
configure:14606: $? = 0
configure:14619: result: yes
configure:14640: checking if g++ static flag -static works
configure:14668: result: yes
configure:14680: checking if g++ supports -c -o file.o
configure:14701: g++ -c -g -O2  -o out/conftest2.o conftest.cpp >&5
configure:14705: $? = 0
configure:14727: result: yes
configure:14732: checking if g++ supports -c -o file.o
configure:14779: result: yes
configure:14809: checking whether the g++ linker (/usr/bin/ld -m elf_x86_64) supports shared libraries
configure:14838: result: yes
configure:14975: checking dynamic linker characteristics
configure:15356: g++ -o conftest -g -O2   -Wl,-rpath -Wl,/foo conftest.cpp -ltrace  >&5
configure:15356: $? = 0
configure:15586: result: GNU/Linux ld.so
configure:15637: checking how to hardcode library paths into programs
configure:15662: result: immediate
configure:15721: checking whether gcc needs -traditional
configure:15755: result: no
configure:15767: checking size of long int
configure:15772: gcc -o conftest -g -O2 -Wall -W   conftest.c -ltrace  >&5
configure:15772: $? = 0
configure:15772: ./conftest
configure:15772: $? = 0
configure:15786: result: 8
configure:15796: checking for ANSI C header files
configure:15900: result: yes
configure:15910: checking for inttypes.h
configure:15910: result: yes
configure:15923: checking netinet/in.h usability
configure:15923: gcc -c -g -O2 -Wall -W  conftest.c >&5
configure:15923: $? = 0
configure:15923: result: yes
configure:15923: checking netinet/in.h presence
configure:15923: gcc -E  conftest.c
configure:15923: $? = 0
configure:15923: result: yes
configure:15923: checking for netinet/in.h
configure:15923: result: yes
configure:16073: creating ./config.status

## ---------------------- ##
## Running config.status. ##
## ---------------------- ##

This file was extended by libflowmanager config.status 2.0.4, which was
generated by GNU Autoconf 2.67.  Invocation command line was

  CONFIG_FILES    = 
  CONFIG_HEADERS  = 
  CONFIG_LINKS    = 
  CONFIG_COMMANDS = 
  $ ./config.status 

on ubuntu-vm1

config.status:1148: creating Makefile
config.status:1148: creating lib/Makefile
config.status:1148: creating example/Makefile
config.status:1148: creating config.h
config.status:1376: executing depfiles commands
config.status:1376: executing libtool commands

## ---------------- ##
## Cache variables. ##
## ---------------- ##

ac_cv_build=x86_64-unknown-linux-gnu
ac_cv_c_compiler_gnu=yes
ac_cv_c_const=yes
ac_cv_c_inline=inline
ac_cv_cxx_compiler_gnu=yes
ac_cv_env_CCC_set=
ac_cv_env_CCC_value=
ac_cv_env_CC_set=
ac_cv_env_CC_value=
ac_cv_env_CFLAGS_set=
ac_cv_env_CFLAGS_value=
ac_cv_env_CPPFLAGS_set=
ac_cv_env_CPPFLAGS_value=
ac_cv_env_CPP_set=
ac_cv_env_CPP_value=
ac_cv_env_CXXCPP_set=
ac_cv_env_CXXCPP_value=
ac_cv_env_CXXFLAGS_set=
ac_cv_env_CXXFLAGS_value=
ac_cv_env_CXX_set=
ac_cv_env_CXX_value=
ac_cv_env_LDFLAGS_set=
ac_cv_env_LDFLAGS_value=
ac_cv_env_LIBS_set=
ac_cv_env_LIBS_value=
ac_cv_env_build_alias_set=
ac_cv_env_build_alias_value=
ac_cv_env_host_alias_set=
ac_cv_env_host_alias_value=
ac_cv_env_target_alias_set=
ac_cv_env_target_alias_value=
ac_cv_header_dlfcn_h=yes
ac_cv_header_inttypes_h=yes
ac_cv_header_memory_h=yes
ac_cv_header_minix_config_h=no
ac_cv_header_netinet_in_h=yes
ac_cv_header_stdc=yes
ac_cv_header_stdint_h=yes
ac_cv_header_stdlib_h=yes
ac_cv_header_string_h=yes
ac_cv_header_strings_h=yes
ac_cv_header_sys_stat_h=yes
ac_cv_header_sys_types_h=yes
ac_cv_header_time=yes
ac_cv_header_unistd_h=yes
ac_cv_host=x86_64-unknown-linux-gnu
ac_cv_lib_trace_trace_create_packet=yes
ac_cv_objext=o
ac_cv_path_EGREP='/bin/grep -E'
ac_cv_path_FGREP='/bin/grep -F'
ac_cv_path_GREP=/bin/grep
ac_cv_path_SED=/bin/sed
ac_cv_path_install='/usr/bin/install -c'
ac_cv_path_mkdir=/bin/mkdir
ac_cv_prog_AWK=mawk
ac_cv_prog_CPP='gcc -E'
ac_cv_prog_CXXCPP='g++ -E'
ac_cv_prog_ac_ct_AR=ar
ac_cv_prog_ac_ct_CC=gcc
ac_cv_prog_ac_ct_CXX=g++
ac_cv_prog_ac_ct_OBJDUMP=objdump
ac_cv_prog_ac_ct_RANLIB=ranlib
ac_cv_prog_ac_ct_STRIP=strip
ac_cv_prog_cc_c89=
ac_cv_prog_cc_g=yes
ac_cv_prog_cxx_g=yes
ac_cv_prog_gcc_traditional=no
ac_cv_prog_make_make_set=yes
ac_cv_safe_to_define___extensions__=yes
ac_cv_sizeof_long_int=8
ac_cv_sys_file_offset_bits=no
ac_cv_sys_largefile_CC=no
ac_cv_type_size_t=yes
am_cv_CC_dependencies_compiler_type=gcc3
am_cv_CXX_dependencies_compiler_type=gcc3
lt_cv_deplibs_check_method=pass_all
lt_cv_file_magic_cmd='$MAGIC_CMD'
lt_cv_file_magic_test_file=
lt_cv_ld_reload_flag=-r
lt_cv_nm_interface='BSD nm'
lt_cv_objdir=.libs
lt_cv_path_LD=/usr/bin/ld
lt_cv_path_LDCXX='/usr/bin/ld -m elf_x86_64'
lt_cv_path_NM='/usr/bin/nm -B'
lt_cv_prog_compiler_c_o=yes
lt_cv_prog_compiler_c_o_CXX=yes
lt_cv_prog_compiler_pic_works=yes
lt_cv_prog_compiler_pic_works_CXX=yes
lt_cv_prog_compiler_rtti_exceptions=no
lt_cv_prog_compiler_static_works=yes
lt_cv_prog_compiler_static_works_CXX=yes
lt_cv_prog_gnu_ld=yes
lt_cv_prog_gnu_ldcxx=yes
lt_cv_sys_global_symbol_pipe='sed -n -e '\''s/^.*[	 ]\([ABCDGIRSTW][ABCDGIRSTW]*\)[	 ][	 ]*\([_A-Za-z][_A-Za-z0-9]*\)$/\1 \2 \2/p'\'''
lt_cv_sys_global_symbol_to_c_name_address='sed -n -e '\''s/^: \([^ ]*\) $/  {\"\1\", (void *) 0},/p'\'' -e '\''s/^[ABCDGIRSTW]* \([^ ]*\) \([^ ]*\)$/  {"\2", (void *) \&\2},/p'\'''
lt_cv_sys_global_symbol_to_c_name_address_lib_prefix='sed -n -e '\''s/^: \([^ ]*\) $/  {\"\1\", (void *) 0},/p'\'' -e '\''s/^[ABCDGIRSTW]* \([^ ]*\) \(lib[^ ]*\)$/  {"\2", (void *) \&\2},/p'\'' -e '\''s/^[ABCDGIRSTW]* \([^ ]*\) \([^ ]*\)$/  {"lib\2", (void *) \&\2},/p'\'''
lt_cv_sys_global_symbol_to_cdecl='sed -n -e '\''s/^T .* \(.*\)$/extern int \1();/p'\'' -e '\''s/^[ABCDGIRSTW]* .* \(.*\)$/extern char \1;/p'\'''
lt_cv_sys_max_cmd_len=1572864

## ----------------- ##
## Output variables. ##
## ----------------- ##

ACLOCAL='${SHELL} /home/dhsharma/group20/flowqos_controller/libflowmanager-2.0.4/missing --run aclocal-1.11'
ADD_INCLS=''
ADD_LDFLAGS=''
ADD_LIBS=''
AMDEPBACKSLASH='\'
AMDEP_FALSE='#'
AMDEP_TRUE=''
AMTAR='${SHELL} /home/dhsharma/group20/flowqos_controller/libflowmanager-2.0.4/missing --run tar'
AM_BACKSLASH='\'
AM_DEFAULT_VERBOSITY='0'
AR='ar'
AUTOCONF='${SHELL} /home/dhsharma/group20/flowqos_controller/libflowmanager-2.0.4/missing --run autoconf'
AUTOHEADER='${SHELL} /home/dhsharma/group20/flowqos_controller/libflowmanager-2.0.4/missing --run autoheader'
AUTOMAKE='${SHELL} /home/dhsharma/group20/flowqos_controller/libflowmanager-2.0.4/missing --run automake-1.11'
AWK='mawk'
CC='gcc'
CCDEPMODE='depmode=gcc3'
CFLAGS='-g -O2 -Wall -W'
CPP='gcc -E'
CPPFLAGS=''
CXX='g++'
CXXCPP='g++ -E'
CXXDEPMODE='depmode=gcc3'
CXXFLAGS='-g -O2'
CYGPATH_W='echo'
DEFS='-DHAVE_CONFIG_H'
DEPDIR='.deps'
DSYMUTIL=''
DUMPBIN=''
ECHO_C=''
ECHO_N='-n'
ECHO_T=''
EGREP='/bin/grep -E'
EXEEXT=''
FGREP='/bin/grep -F'
GREP='/bin/grep'
INSTALL_DATA='${INSTALL} -m 644'
INSTALL_PROGRAM='${INSTALL}'
INSTALL_SCRIPT='${INSTALL}'
INSTALL_STRIP_PROGRAM='$(install_sh) -c -s'
LD='/usr/bin/ld -m elf_x86_64'
LDFLAGS=''
LIBOBJS=''
LIBS='-ltrace '
LIBTOOL='$(SHELL) $(top_builddir)/libtool'
LIPO=''
LN_S='ln -s'
LTLIBOBJS=''
MAKEINFO='${SHELL} /home/dhsharma/group20/flowqos_controller/libflowmanager-2.0.4/missing --run makeinfo'
MKDIR_P='/bin/mkdir -p'
NM='/usr/bin/nm -B'
NMEDIT=''
OBJDUMP='objdump'
OBJEXT='o'
OTOOL64=''
OTOOL=''
PACKAGE='libflowmanager'
PACKAGE_BUGREPORT='contact@wand.net.nz'
PACKAGE_NAME='libflowmanager'
PACKAGE_STRING='libflowmanager 2.0.4'
PACKAGE_TARNAME='libflowmanager'
PACKAGE_URL=''
PACKAGE_VERSION='2.0.4'
PATH_SEPARATOR=':'
RANLIB='ranlib'
SED='/bin/sed'
SET_MAKE=''
SHELL='/bin/bash'
STRIP='strip'
VERSION='2.0.4'
ac_ct_CC='gcc'
ac_ct_CXX='g++'
ac_ct_DUMPBIN=''
am__EXEEXT_FALSE=''
am__EXEEXT_TRUE='#'
am__fastdepCC_FALSE='#'
am__fastdepCC_TRUE=''
am__fastdepCXX_FALSE='#'
am__fastdepCXX_TRUE=''
am__include='include'
am__isrc=''
am__leading_dot='.'
am__quote=''
am__tar='${AMTAR} chof - "$$tardir"'
am__untar='${AMTAR} xf -'
bindir='${exec_prefix}/bin'
build='x86_64-unknown-linux-gnu'
build_alias=''
build_cpu='x86_64'
build_os='linux-gnu'
build_vendor='unknown'
datadir='${datarootdir}'
datarootdir='${prefix}/share'
docdir='${datarootdir}/doc/${PACKAGE_TARNAME}'
dvidir='${docdir}'
exec_prefix='${prefix}'
host='x86_64-unknown-linux-gnu'
host_alias=''
host_cpu='x86_64'
host_os='linux-gnu'
host_vendor='unknown'
htmldir='${docdir}'
includedir='${prefix}/include'
infodir='${datarootdir}/info'
install_sh='${SHELL} /home/dhsharma/group20/flowqos_controller/libflowmanager-2.0.4/install-sh'
libdir='${exec_prefix}/lib'
libexecdir='${exec_prefix}/libexec'
localedir='${datarootdir}/locale'
localstatedir='${prefix}/var'
lt_ECHO='echo'
mandir='${datarootdir}/man'
mkdir_p='/bin/mkdir -p'
oldincludedir='/usr/include'
pdfdir='${docdir}'
prefix='/usr/local'
program_transform_name='s,x,x,'
psdir='${docdir}'
sbindir='${exec_prefix}/sbin'
sharedstatedir='${prefix}/com'
sysconfdir='${prefix}/etc'
target_alias=''

## ----------- ##
## confdefs.h. ##
## ----------- ##

/* confdefs.h */
#define PACKAGE_NAME "libflowmanager"
#define PACKAGE_TARNAME "libflowmanager"
#define PACKAGE_VERSION "2.0.4"
#define PACKAGE_STRING "libflowmanager 2.0.4"
#define PACKAGE_BUGREPORT "contact@wand.net.nz"
#define PACKAGE_URL ""
#define PACKAGE "libflowmanager"
#define VERSION "2.0.4"
#define STDC_HEADERS 1
#define HAVE_SYS_TYPES_H 1
#define HAVE_SYS_STAT_H 1
#define HAVE_STDLIB_H 1
#define HAVE_STRING_H 1
#define HAVE_MEMORY_H 1
#define HAVE_STRINGS_H 1
#define HAVE_INTTYPES_H 1
#define HAVE_STDINT_H 1
#define HAVE_UNISTD_H 1
#define __EXTENSIONS__ 1
#define _ALL_SOURCE 1
#define _GNU_SOURCE 1
#define _POSIX_PTHREAD_SEMANTICS 1
#define _TANDEM_SOURCE 1
#define HAVE_LIBTRACE 1
#define TIME_WITH_SYS_TIME 1
#define HAVE_DLFCN_H 1
#define LT_OBJDIR ".libs/"
#define SIZEOF_LONG_INT 8
#define STDC_HEADERS 1
#define HAVE_INTTYPES_H 1
#define HAVE_NETINET_IN_H 1

configure: exit 0
